<testsuites id="" name="" tests="92" failures="0" skipped="92" errors="0" time="0.09991200000000003">
<testsuite name="specs/resource.spec.js" timestamp="2026-03-07T06:25:57.910Z" hostname="chromium" tests="9" failures="0" skipped="9" time="0" errors="0">
<testcase name="资源列表功能测试 › 页面应该正确加载并显示文件列表" classname="specs/resource.spec.js" time="0">
<skipped>
</skipped>
</testcase>
<testcase name="资源列表功能测试 › 应该能够刷新文件列表" classname="specs/resource.spec.js" time="0">
<skipped>
</skipped>
</testcase>
<testcase name="资源列表功能测试 › 搜索功能应该正常工作" classname="specs/resource.spec.js" time="0">
<skipped>
</skipped>
</testcase>
<testcase name="资源列表功能测试 › 搜索无结果时应该显示空状态" classname="specs/resource.spec.js" time="0">
<skipped>
</skipped>
</testcase>
<testcase name="文件操作测试 › 应该能够下载文件" classname="specs/resource.spec.js" time="0">
<skipped>
</skipped>
</testcase>
<testcase name="文件操作测试 › 应该能够删除文件" classname="specs/resource.spec.js" time="0">
<skipped>
</skipped>
</testcase>
<testcase name="文件操作测试 › 应该能够重命名文件" classname="specs/resource.spec.js" time="0">
<skipped>
</skipped>
</testcase>
<testcase name="目录树功能测试 › 目录树应该可见并包含根目录" classname="specs/resource.spec.js" time="0">
<skipped>
</skipped>
</testcase>
<testcase name="目录树功能测试 › 应该能够切换目录" classname="specs/resource.spec.js" time="0">
<skipped>
</skipped>
</testcase>
</testsuite>
<testsuite name="specs/smoke.spec.js" timestamp="2026-03-07T06:25:57.910Z" hostname="chromium" tests="5" failures="0" skipped="5" time="0" errors="0">
<testcase name="冒烟测试 › 应用应该能够正常加载" classname="specs/smoke.spec.js" time="0">
<skipped>
</skipped>
</testcase>
<testcase name="冒烟测试 › 应该能够在两个标签页之间切换" classname="specs/smoke.spec.js" time="0">
<skipped>
</skipped>
</testcase>
<testcase name="冒烟测试 › API 应该响应正常" classname="specs/smoke.spec.js" time="0">
<skipped>
</skipped>
</testcase>
<testcase name="冒烟测试 › 页面应该在合理时间内加载完成" classname="specs/smoke.spec.js" time="0">
<skipped>
</skipped>
</testcase>
<testcase name="冒烟测试 › 响应式布局应该正常工作" classname="specs/smoke.spec.js" time="0">
<skipped>
</skipped>
</testcase>
</testsuite>
<testsuite name="specs/upload.spec.js" timestamp="2026-03-07T06:25:57.910Z" hostname="chromium" tests="9" failures="0" skipped="9" time="0" errors="0">
<testcase name="上传功能测试 › 页面应该正确加载" classname="specs/upload.spec.js" time="0">
<skipped>
</skipped>
</testcase>
<testcase name="上传功能测试 › 应该能够选择文件到上传队列" classname="specs/upload.spec.js" time="0">
<skipped>
</skipped>
</testcase>
<testcase name="上传功能测试 › 应该能够选择多个文件" classname="specs/upload.spec.js" time="0">
<skipped>
</skipped>
</testcase>
<testcase name="上传功能测试 › 应该能够清空上传队列" classname="specs/upload.spec.js" time="0">
<skipped>
</skipped>
</testcase>
<testcase name="上传功能测试 › 应该能够上传文件并在资源列表中显示" classname="specs/upload.spec.js" time="0">
<skipped>
</skipped>
</testcase>
<testcase name="上传功能测试 › 应该支持不同格式的文件上传" classname="specs/upload.spec.js" time="0">
<skipped>
</skipped>
</testcase>
<testcase name="上传页面 UI 测试 › 上传区域应该有正确的样式和提示" classname="specs/upload.spec.js" time="0">
<skipped>
</skipped>
</testcase>
<testcase name="上传页面 UI 测试 › 目录选择器应该可见" classname="specs/upload.spec.js" time="0">
<skipped>
</skipped>
</testcase>
<testcase name="上传页面 UI 测试 › 上传历史区域应该可见" classname="specs/upload.spec.js" time="0">
<skipped>
</skipped>
</testcase>
</testsuite>
<testsuite name="specs/resource.spec.js" timestamp="2026-03-07T06:25:57.910Z" hostname="firefox" tests="9" failures="0" skipped="9" time="0" errors="0">
<testcase name="资源列表功能测试 › 页面应该正确加载并显示文件列表" classname="specs/resource.spec.js" time="0">
<skipped>
</skipped>
</testcase>
<testcase name="资源列表功能测试 › 应该能够刷新文件列表" classname="specs/resource.spec.js" time="0">
<skipped>
</skipped>
</testcase>
<testcase name="资源列表功能测试 › 搜索功能应该正常工作" classname="specs/resource.spec.js" time="0">
<skipped>
</skipped>
</testcase>
<testcase name="资源列表功能测试 › 搜索无结果时应该显示空状态" classname="specs/resource.spec.js" time="0">
<skipped>
</skipped>
</testcase>
<testcase name="文件操作测试 › 应该能够下载文件" classname="specs/resource.spec.js" time="0">
<skipped>
</skipped>
</testcase>
<testcase name="文件操作测试 › 应该能够删除文件" classname="specs/resource.spec.js" time="0">
<skipped>
</skipped>
</testcase>
<testcase name="文件操作测试 › 应该能够重命名文件" classname="specs/resource.spec.js" time="0">
<skipped>
</skipped>
</testcase>
<testcase name="目录树功能测试 › 目录树应该可见并包含根目录" classname="specs/resource.spec.js" time="0">
<skipped>
</skipped>
</testcase>
<testcase name="目录树功能测试 › 应该能够切换目录" classname="specs/resource.spec.js" time="0">
<skipped>
</skipped>
</testcase>
</testsuite>
<testsuite name="specs/smoke.spec.js" timestamp="2026-03-07T06:25:57.910Z" hostname="firefox" tests="5" failures="0" skipped="5" time="0" errors="0">
<testcase name="冒烟测试 › 应用应该能够正常加载" classname="specs/smoke.spec.js" time="0">
<skipped>
</skipped>
</testcase>
<testcase name="冒烟测试 › 应该能够在两个标签页之间切换" classname="specs/smoke.spec.js" time="0">
<skipped>
</skipped>
</testcase>
<testcase name="冒烟测试 › API 应该响应正常" classname="specs/smoke.spec.js" time="0">
<skipped>
</skipped>
</testcase>
<testcase name="冒烟测试 › 页面应该在合理时间内加载完成" classname="specs/smoke.spec.js" time="0">
<skipped>
</skipped>
</testcase>
<testcase name="冒烟测试 › 响应式布局应该正常工作" classname="specs/smoke.spec.js" time="0">
<skipped>
</skipped>
</testcase>
</testsuite>
<testsuite name="specs/upload.spec.js" timestamp="2026-03-07T06:25:57.910Z" hostname="firefox" tests="9" failures="0" skipped="9" time="0" errors="0">
<testcase name="上传功能测试 › 页面应该正确加载" classname="specs/upload.spec.js" time="0">
<skipped>
</skipped>
</testcase>
<testcase name="上传功能测试 › 应该能够选择文件到上传队列" classname="specs/upload.spec.js" time="0">
<skipped>
</skipped>
</testcase>
<testcase name="上传功能测试 › 应该能够选择多个文件" classname="specs/upload.spec.js" time="0">
<skipped>
</skipped>
</testcase>
<testcase name="上传功能测试 › 应该能够清空上传队列" classname="specs/upload.spec.js" time="0">
<skipped>
</skipped>
</testcase>
<testcase name="上传功能测试 › 应该能够上传文件并在资源列表中显示" classname="specs/upload.spec.js" time="0">
<skipped>
</skipped>
</testcase>
<testcase name="上传功能测试 › 应该支持不同格式的文件上传" classname="specs/upload.spec.js" time="0">
<skipped>
</skipped>
</testcase>
<testcase name="上传页面 UI 测试 › 上传区域应该有正确的样式和提示" classname="specs/upload.spec.js" time="0">
<skipped>
</skipped>
</testcase>
<testcase name="上传页面 UI 测试 › 目录选择器应该可见" classname="specs/upload.spec.js" time="0">
<skipped>
</skipped>
</testcase>
<testcase name="上传页面 UI 测试 › 上传历史区域应该可见" classname="specs/upload.spec.js" time="0">
<skipped>
</skipped>
</testcase>
</testsuite>
<testsuite name="specs/resource.spec.js" timestamp="2026-03-07T06:25:57.910Z" hostname="webkit" tests="9" failures="0" skipped="9" time="0" errors="0">
<testcase name="资源列表功能测试 › 页面应该正确加载并显示文件列表" classname="specs/resource.spec.js" time="0">
<skipped>
</skipped>
</testcase>
<testcase name="资源列表功能测试 › 应该能够刷新文件列表" classname="specs/resource.spec.js" time="0">
<skipped>
</skipped>
</testcase>
<testcase name="资源列表功能测试 › 搜索功能应该正常工作" classname="specs/resource.spec.js" time="0">
<skipped>
</skipped>
</testcase>
<testcase name="资源列表功能测试 › 搜索无结果时应该显示空状态" classname="specs/resource.spec.js" time="0">
<skipped>
</skipped>
</testcase>
<testcase name="文件操作测试 › 应该能够下载文件" classname="specs/resource.spec.js" time="0">
<skipped>
</skipped>
</testcase>
<testcase name="文件操作测试 › 应该能够删除文件" classname="specs/resource.spec.js" time="0">
<skipped>
</skipped>
</testcase>
<testcase name="文件操作测试 › 应该能够重命名文件" classname="specs/resource.spec.js" time="0">
<skipped>
</skipped>
</testcase>
<testcase name="目录树功能测试 › 目录树应该可见并包含根目录" classname="specs/resource.spec.js" time="0">
<skipped>
</skipped>
</testcase>
<testcase name="目录树功能测试 › 应该能够切换目录" classname="specs/resource.spec.js" time="0">
<skipped>
</skipped>
</testcase>
</testsuite>
<testsuite name="specs/smoke.spec.js" timestamp="2026-03-07T06:25:57.910Z" hostname="webkit" tests="5" failures="0" skipped="5" time="0" errors="0">
<testcase name="冒烟测试 › 应用应该能够正常加载" classname="specs/smoke.spec.js" time="0">
<skipped>
</skipped>
</testcase>
<testcase name="冒烟测试 › 应该能够在两个标签页之间切换" classname="specs/smoke.spec.js" time="0">
<skipped>
</skipped>
</testcase>
<testcase name="冒烟测试 › API 应该响应正常" classname="specs/smoke.spec.js" time="0">
<skipped>
</skipped>
</testcase>
<testcase name="冒烟测试 › 页面应该在合理时间内加载完成" classname="specs/smoke.spec.js" time="0">
<skipped>
</skipped>
</testcase>
<testcase name="冒烟测试 › 响应式布局应该正常工作" classname="specs/smoke.spec.js" time="0">
<skipped>
</skipped>
</testcase>
</testsuite>
<testsuite name="specs/upload.spec.js" timestamp="2026-03-07T06:25:57.910Z" hostname="webkit" tests="9" failures="0" skipped="9" time="0" errors="0">
<testcase name="上传功能测试 › 页面应该正确加载" classname="specs/upload.spec.js" time="0">
<skipped>
</skipped>
</testcase>
<testcase name="上传功能测试 › 应该能够选择文件到上传队列" classname="specs/upload.spec.js" time="0">
<skipped>
</skipped>
</testcase>
<testcase name="上传功能测试 › 应该能够选择多个文件" classname="specs/upload.spec.js" time="0">
<skipped>
</skipped>
</testcase>
<testcase name="上传功能测试 › 应该能够清空上传队列" classname="specs/upload.spec.js" time="0">
<skipped>
</skipped>
</testcase>
<testcase name="上传功能测试 › 应该能够上传文件并在资源列表中显示" classname="specs/upload.spec.js" time="0">
<skipped>
</skipped>
</testcase>
<testcase name="上传功能测试 › 应该支持不同格式的文件上传" classname="specs/upload.spec.js" time="0">
<skipped>
</skipped>
</testcase>
<testcase name="上传页面 UI 测试 › 上传区域应该有正确的样式和提示" classname="specs/upload.spec.js" time="0">
<skipped>
</skipped>
</testcase>
<testcase name="上传页面 UI 测试 › 目录选择器应该可见" classname="specs/upload.spec.js" time="0">
<skipped>
</skipped>
</testcase>
<testcase name="上传页面 UI 测试 › 上传历史区域应该可见" classname="specs/upload.spec.js" time="0">
<skipped>
</skipped>
</testcase>
</testsuite>
<testsuite name="specs/resource.spec.js" timestamp="2026-03-07T06:25:57.910Z" hostname="Mobile Chrome" tests="9" failures="0" skipped="9" time="0" errors="0">
<testcase name="资源列表功能测试 › 页面应该正确加载并显示文件列表" classname="specs/resource.spec.js" time="0">
<skipped>
</skipped>
</testcase>
<testcase name="资源列表功能测试 › 应该能够刷新文件列表" classname="specs/resource.spec.js" time="0">
<skipped>
</skipped>
</testcase>
<testcase name="资源列表功能测试 › 搜索功能应该正常工作" classname="specs/resource.spec.js" time="0">
<skipped>
</skipped>
</testcase>
<testcase name="资源列表功能测试 › 搜索无结果时应该显示空状态" classname="specs/resource.spec.js" time="0">
<skipped>
</skipped>
</testcase>
<testcase name="文件操作测试 › 应该能够下载文件" classname="specs/resource.spec.js" time="0">
<skipped>
</skipped>
</testcase>
<testcase name="文件操作测试 › 应该能够删除文件" classname="specs/resource.spec.js" time="0">
<skipped>
</skipped>
</testcase>
<testcase name="文件操作测试 › 应该能够重命名文件" classname="specs/resource.spec.js" time="0">
<skipped>
</skipped>
</testcase>
<testcase name="目录树功能测试 › 目录树应该可见并包含根目录" classname="specs/resource.spec.js" time="0">
<skipped>
</skipped>
</testcase>
<testcase name="目录树功能测试 › 应该能够切换目录" classname="specs/resource.spec.js" time="0">
<skipped>
</skipped>
</testcase>
</testsuite>
<testsuite name="specs/smoke.spec.js" timestamp="2026-03-07T06:25:57.910Z" hostname="Mobile Chrome" tests="5" failures="0" skipped="5" time="0" errors="0">
<testcase name="冒烟测试 › 应用应该能够正常加载" classname="specs/smoke.spec.js" time="0">
<skipped>
</skipped>
</testcase>
<testcase name="冒烟测试 › 应该能够在两个标签页之间切换" classname="specs/smoke.spec.js" time="0">
<skipped>
</skipped>
</testcase>
<testcase name="冒烟测试 › API 应该响应正常" classname="specs/smoke.spec.js" time="0">
<skipped>
</skipped>
</testcase>
<testcase name="冒烟测试 › 页面应该在合理时间内加载完成" classname="specs/smoke.spec.js" time="0">
<skipped>
</skipped>
</testcase>
<testcase name="冒烟测试 › 响应式布局应该正常工作" classname="specs/smoke.spec.js" time="0">
<skipped>
</skipped>
</testcase>
</testsuite>
<testsuite name="specs/upload.spec.js" timestamp="2026-03-07T06:25:57.910Z" hostname="Mobile Chrome" tests="9" failures="0" skipped="9" time="0" errors="0">
<testcase name="上传功能测试 › 页面应该正确加载" classname="specs/upload.spec.js" time="0">
<skipped>
</skipped>
</testcase>
<testcase name="上传功能测试 › 应该能够选择文件到上传队列" classname="specs/upload.spec.js" time="0">
<skipped>
</skipped>
</testcase>
<testcase name="上传功能测试 › 应该能够选择多个文件" classname="specs/upload.spec.js" time="0">
<skipped>
</skipped>
</testcase>
<testcase name="上传功能测试 › 应该能够清空上传队列" classname="specs/upload.spec.js" time="0">
<skipped>
</skipped>
</testcase>
<testcase name="上传功能测试 › 应该能够上传文件并在资源列表中显示" classname="specs/upload.spec.js" time="0">
<skipped>
</skipped>
</testcase>
<testcase name="上传功能测试 › 应该支持不同格式的文件上传" classname="specs/upload.spec.js" time="0">
<skipped>
</skipped>
</testcase>
<testcase name="上传页面 UI 测试 › 上传区域应该有正确的样式和提示" classname="specs/upload.spec.js" time="0">
<skipped>
</skipped>
</testcase>
<testcase name="上传页面 UI 测试 › 目录选择器应该可见" classname="specs/upload.spec.js" time="0">
<skipped>
</skipped>
</testcase>
<testcase name="上传页面 UI 测试 › 上传历史区域应该可见" classname="specs/upload.spec.js" time="0">
<skipped>
</skipped>
</testcase>
</testsuite>
</testsuites>